2022-02-14T08:57:46.966Z warn: 	validate request fail
2022-02-14T08:58:14.910Z warn: 	validate request fail
2022-02-14T09:50:41.846Z warn: 	validate request fail
2022-02-14T09:50:53.942Z warn: 	validate request fail
2022-02-14T12:35:33.930Z info: 	bulk message insert request start
2022-02-14T12:35:33.954Z warn: 	validate request fail
2022-02-14T12:35:33.973Z info: 	bulk message insert request start
2022-02-14T12:35:33.977Z warn: 	validate request fail
2022-02-14T12:36:35.248Z info: 	bulk message insert request start
2022-02-14T12:36:35.251Z warn: 	validate request fail
2022-02-15T08:57:45.335Z info: 	bulk message insert request start
2022-02-15T08:57:45.368Z warn: 	validate request fail
2022-02-15T08:57:59.048Z info: 	bulk message insert request start
2022-02-15T08:57:59.054Z info: 	start insert business logic
2022-02-15T08:57:59.057Z info: 	formate body array for adding requestId
2022-02-15T08:57:59.059Z info: 	inserting in db
2022-02-15T08:57:59.125Z info: 	request ended res sent
2022-02-15T10:58:25.090Z info: 	user login request start
2022-02-15T10:59:32.099Z info: 	user login request start
2022-02-15T11:10:21.642Z info: 	user login request start
2022-02-15T11:10:21.829Z info: 	user: 
2022-02-15T11:10:21.830Z info: 	 generate Auth Token
2022-02-15T11:10:21.838Z info: 	token: 
2022-02-15T11:10:21.843Z info: 	 end of request
2022-02-15T11:11:25.536Z info: 	user login request start
2022-02-15T11:11:25.708Z info: 	user: 
2022-02-15T11:11:25.709Z info: 	 generate Auth Token
2022-02-15T11:11:25.713Z info: 	token: 
2022-02-15T11:11:25.716Z info: 	 end of request
2022-02-15T11:11:55.429Z info: 	user login request start
2022-02-15T11:11:55.610Z info: 	user: 
2022-02-15T11:11:55.611Z info: 	 generate Auth Token
2022-02-15T11:11:55.615Z info: 	token: 
2022-02-15T11:11:55.618Z info: 	 end of request
2022-02-15T11:11:55.693Z info: 	bulk message insert request start
2022-02-15T11:11:55.718Z warn: 	validate request fail
2022-02-15T11:12:53.111Z info: 	user login request start
2022-02-15T11:12:53.280Z info: 	user: 
2022-02-15T11:12:53.281Z info: 	 generate Auth Token
2022-02-15T11:12:53.288Z info: 	token: 
2022-02-15T11:12:53.293Z info: 	 end of request
2022-02-15T11:12:53.399Z info: 	bulk message insert request start
2022-02-15T11:12:53.413Z info: 	start insert business logic
2022-02-15T11:12:53.413Z info: 	formate body array for adding requestId
2022-02-15T11:12:53.414Z info: 	inserting in db
2022-02-15T11:12:53.467Z info: 	request ended res sent
2022-02-15T11:13:05.712Z info: 	user login request start
2022-02-15T11:13:10.711Z info: 	bulk message insert request start
2022-02-15T11:13:10.725Z info: 	start insert business logic
2022-02-15T11:13:10.725Z info: 	formate body array for adding requestId
2022-02-15T11:13:10.727Z info: 	inserting in db
2022-02-15T11:13:10.776Z info: 	request ended res sent
2022-02-15T11:13:31.848Z info: 	bulk message insert request start
2022-02-15T11:13:31.862Z info: 	start insert business logic
2022-02-15T11:13:31.863Z info: 	formate body array for adding requestId
2022-02-15T11:13:31.864Z info: 	inserting in db
2022-02-15T11:13:31.913Z info: 	request ended res sent
2022-02-15T11:13:44.210Z info: 	bulk message insert request start
2022-02-15T11:13:44.225Z info: 	start insert business logic
2022-02-15T11:13:44.226Z info: 	formate body array for adding requestId
2022-02-15T11:13:44.227Z info: 	inserting in db
2022-02-15T11:13:44.266Z info: 	request ended res sent
2022-02-15T11:14:20.571Z info: 	bulk message insert request start
2022-02-15T11:14:20.608Z info: 	start insert business logic
2022-02-15T11:14:20.610Z info: 	formate body array for adding requestId
2022-02-15T11:14:20.612Z info: 	inserting in db
2022-02-15T11:14:20.670Z info: 	request ended res sent
2022-02-15T11:16:20.541Z info: 	bulk message insert request start
2022-02-15T11:16:20.555Z info: 	start insert business logic
2022-02-15T11:16:20.556Z info: 	formate body array for adding requestId
2022-02-15T11:16:20.558Z info: 	inserting in db
2022-02-15T11:16:20.605Z info: 	request ended res sent
2022-02-15T11:16:20.643Z info: 	bulk message insert request start
2022-02-15T11:16:20.659Z warn: 	validate request fail
2022-02-15T11:19:05.800Z info: 	search message request start
2022-02-15T11:19:05.817Z info: 	returning success msg
2022-02-15T11:19:05.818Z info: 	request ended res sent
2022-02-15T11:19:25.173Z info: 	bulk message insert request start
2022-02-15T11:19:25.196Z info: 	start insert business logic
2022-02-15T11:19:25.197Z info: 	formate body array for adding requestId
2022-02-15T11:19:25.198Z info: 	inserting in db
2022-02-15T11:19:25.254Z info: 	request ended res sent
2022-02-15T11:19:25.292Z info: 	bulk message insert request start
2022-02-15T11:19:25.307Z warn: 	validate request fail
2022-02-15T11:19:25.336Z info: 	search message request start
2022-02-15T11:19:25.339Z warn: 	Search Field Required!
2022-02-15T11:19:25.339Z warn: 	res send to user!
2022-02-15T11:20:27.258Z info: 	bulk message insert request start
2022-02-15T11:20:27.286Z info: 	start insert business logic
2022-02-15T11:20:27.288Z info: 	formate body array for adding requestId
2022-02-15T11:20:27.289Z info: 	inserting in db
2022-02-15T11:20:27.362Z info: 	request ended res sent
2022-02-15T11:20:27.455Z info: 	bulk message insert request start
2022-02-15T11:20:27.467Z warn: 	validate request fail
2022-02-15T11:20:27.500Z info: 	search message request start
2022-02-15T11:20:27.502Z warn: 	Search Field Required!
2022-02-15T11:20:27.503Z warn: 	res send to user!
2022-02-15T11:25:37.547Z info: 	bulk message insert request start
2022-02-15T11:25:37.564Z info: 	start insert business logic
2022-02-15T11:25:37.565Z info: 	formate body array for adding requestId
2022-02-15T11:25:37.565Z info: 	inserting in db
2022-02-15T11:25:37.600Z info: 	request ended res sent
2022-02-15T11:25:37.639Z info: 	bulk message insert request start
2022-02-15T11:25:37.650Z warn: 	validate request fail
2022-02-15T11:25:37.680Z info: 	search message request start
2022-02-15T11:25:37.682Z warn: 	Search Field Required!
2022-02-15T11:25:37.684Z warn: 	res send to user!
2022-02-15T11:26:31.932Z info: 	bulk message insert request start
2022-02-15T11:26:31.946Z info: 	start insert business logic
2022-02-15T11:26:31.947Z info: 	formate body array for adding requestId
2022-02-15T11:26:31.947Z info: 	inserting in db
2022-02-15T11:26:31.995Z info: 	request ended res sent
2022-02-15T11:26:32.043Z info: 	bulk message insert request start
2022-02-15T11:26:32.054Z warn: 	validate request fail
2022-02-15T11:26:32.096Z info: 	search message request start
2022-02-15T11:26:32.100Z warn: 	Search Field Required!
2022-02-15T11:26:32.101Z warn: 	res send to user!
2022-02-15T11:27:20.829Z info: 	bulk message insert request start
2022-02-15T11:27:20.855Z info: 	start insert business logic
2022-02-15T11:27:20.856Z info: 	formate body array for adding requestId
2022-02-15T11:27:20.857Z info: 	inserting in db
2022-02-15T11:27:20.922Z info: 	request ended res sent
2022-02-15T11:27:20.967Z info: 	bulk message insert request start
2022-02-15T11:27:20.979Z warn: 	validate request fail
2022-02-15T11:27:21.004Z info: 	search message request start
2022-02-15T11:27:21.007Z warn: 	Search Field Required!
2022-02-15T11:27:21.009Z warn: 	res send to user!
2022-02-15T11:29:19.296Z info: 	bulk message insert request start
2022-02-15T11:29:19.310Z info: 	start insert business logic
2022-02-15T11:29:19.311Z info: 	formate body array for adding requestId
2022-02-15T11:29:19.312Z info: 	inserting in db
2022-02-15T11:29:19.361Z info: 	request ended res sent
2022-02-15T11:29:19.391Z info: 	bulk message insert request start
2022-02-15T11:29:19.402Z warn: 	validate request fail
2022-02-15T11:29:19.503Z info: 	search message request start
2022-02-15T11:29:19.505Z warn: 	Search Field Required!
2022-02-15T11:29:19.506Z warn: 	res send to user!
2022-02-15T11:30:18.929Z info: 	bulk message insert request start
2022-02-15T11:30:18.941Z info: 	start insert business logic
2022-02-15T11:30:18.941Z info: 	formate body array for adding requestId
2022-02-15T11:30:18.942Z info: 	inserting in db
2022-02-15T11:30:18.993Z info: 	request ended res sent
2022-02-15T11:30:19.020Z info: 	bulk message insert request start
2022-02-15T11:30:19.032Z warn: 	validate request fail
2022-02-15T11:30:19.129Z info: 	search message request start
2022-02-15T11:30:19.132Z warn: 	Search Field Required!
2022-02-15T11:30:19.133Z warn: 	res send to user!
2022-02-15T11:32:20.684Z info: 	bulk message insert request start
2022-02-15T11:32:20.706Z info: 	start insert business logic
2022-02-15T11:32:20.707Z info: 	formate body array for adding requestId
2022-02-15T11:32:20.708Z info: 	inserting in db
2022-02-15T11:32:20.821Z info: 	request ended res sent
2022-02-15T11:32:20.859Z info: 	bulk message insert request start
2022-02-15T11:32:20.868Z warn: 	validate request fail
2022-02-15T11:32:20.894Z info: 	search message request start
2022-02-15T11:32:20.895Z warn: 	Search Field Required!
2022-02-15T11:32:20.896Z warn: 	res send to user!
2022-02-15T11:32:56.844Z info: 	bulk message insert request start
2022-02-15T11:32:56.855Z info: 	start insert business logic
2022-02-15T11:32:56.857Z info: 	formate body array for adding requestId
2022-02-15T11:32:56.858Z info: 	inserting in db
2022-02-15T11:32:56.901Z info: 	request ended res sent
2022-02-15T11:32:56.937Z info: 	bulk message insert request start
2022-02-15T11:32:56.946Z warn: 	validate request fail
2022-02-15T11:32:56.971Z info: 	search message request start
2022-02-15T11:32:56.985Z warn: 	No such message in db
2022-02-15T11:32:56.985Z warn: 	res send to user!
2022-02-15T11:33:25.613Z info: 	bulk message insert request start
2022-02-15T11:33:25.641Z info: 	start insert business logic
2022-02-15T11:33:25.643Z info: 	formate body array for adding requestId
2022-02-15T11:33:25.644Z info: 	inserting in db
2022-02-15T11:33:25.706Z info: 	request ended res sent
2022-02-15T11:33:25.744Z info: 	bulk message insert request start
2022-02-15T11:33:25.756Z warn: 	validate request fail
2022-02-15T11:33:25.781Z info: 	search message request start
2022-02-15T11:33:25.794Z warn: 	No such message in db
2022-02-15T11:33:25.796Z warn: 	res send to user!
2022-02-15T11:34:53.544Z info: 	bulk message insert request start
2022-02-15T11:34:53.562Z info: 	start insert business logic
2022-02-15T11:34:53.563Z info: 	formate body array for adding requestId
2022-02-15T11:34:53.563Z info: 	inserting in db
2022-02-15T11:34:53.628Z info: 	request ended res sent
2022-02-15T11:34:53.661Z info: 	bulk message insert request start
2022-02-15T11:34:53.676Z warn: 	validate request fail
2022-02-15T11:34:53.703Z info: 	search message request start
2022-02-15T11:34:53.711Z warn: 	No such message in db
2022-02-15T11:34:53.712Z warn: 	res send to user!
2022-02-15T11:34:53.735Z info: 	search message request start
2022-02-15T11:34:53.736Z warn: 	Search Field Required!
2022-02-15T11:34:53.737Z warn: 	res send to user!
2022-02-15T11:36:57.108Z info: 	bulk message insert request start
2022-02-15T11:36:57.123Z info: 	start insert business logic
2022-02-15T11:36:57.124Z info: 	formate body array for adding requestId
2022-02-15T11:36:57.125Z info: 	inserting in db
2022-02-15T11:36:57.168Z info: 	request ended res sent
2022-02-15T11:36:57.205Z info: 	bulk message insert request start
2022-02-15T11:36:57.219Z warn: 	validate request fail
2022-02-15T11:36:57.246Z info: 	search message request start
2022-02-15T11:36:57.257Z warn: 	No such message in db
2022-02-15T11:36:57.258Z warn: 	res send to user!
2022-02-15T11:36:57.281Z info: 	search message request start
2022-02-15T11:36:57.283Z warn: 	Search Field Required!
2022-02-15T11:36:57.284Z warn: 	res send to user!
2022-02-15T11:36:57.306Z info: 	search message request start
2022-02-15T11:36:57.308Z info: 	formating from and to date
2022-02-15T11:36:57.317Z warn: 	No such message in db!
2022-02-15T11:36:57.318Z warn: 	res send to user!
2022-02-15T11:37:57.763Z info: 	bulk message insert request start
2022-02-15T11:37:57.780Z info: 	start insert business logic
2022-02-15T11:37:57.781Z info: 	formate body array for adding requestId
2022-02-15T11:37:57.782Z info: 	inserting in db
2022-02-15T11:37:57.872Z info: 	request ended res sent
2022-02-15T11:37:57.896Z info: 	bulk message insert request start
2022-02-15T11:37:57.908Z warn: 	validate request fail
2022-02-15T11:37:57.934Z info: 	search message request start
2022-02-15T11:37:57.943Z warn: 	No such message in db
2022-02-15T11:37:57.944Z warn: 	res send to user!
2022-02-15T11:37:57.968Z info: 	search message request start
2022-02-15T11:37:57.969Z warn: 	Search Field Required!
2022-02-15T11:37:57.970Z warn: 	res send to user!
2022-02-15T11:37:57.989Z info: 	search message request start
2022-02-15T11:37:57.990Z info: 	formating from and to date
2022-02-15T11:37:57.997Z warn: 	No such message in db!
2022-02-15T11:37:57.998Z warn: 	res send to user!
2022-02-15T11:37:58.020Z info: 	search message request start
2022-02-15T11:37:58.020Z warn: 	Search Field Required!
2022-02-15T11:37:58.021Z warn: 	res send to user!
2022-02-15T11:57:02.292Z info: 	bulk message insert request start
2022-02-15T11:57:02.334Z warn: 	validate request fail
2022-02-16T07:09:36.268Z info: 	bulk message insert request start
2022-02-16T07:09:36.299Z info: 	start insert business logic
2022-02-16T07:09:36.300Z info: 	formate body array for adding requestId
2022-02-16T07:09:36.302Z info: 	inserting in db
2022-02-16T07:09:36.352Z info: 	request ended res sent
2022-02-16T07:10:03.471Z info: 	bulk message insert request start
2022-02-16T07:10:03.478Z info: 	start insert business logic
2022-02-16T07:10:03.479Z info: 	formate body array for adding requestId
2022-02-16T07:10:03.480Z info: 	inserting in db
2022-02-16T07:10:03.499Z info: 	request ended res sent
2022-02-16T07:10:18.954Z info: 	bulk message insert request start
2022-02-16T07:10:18.957Z info: 	start insert business logic
2022-02-16T07:10:18.958Z info: 	formate body array for adding requestId
2022-02-16T07:10:18.958Z info: 	inserting in db
2022-02-16T07:10:18.974Z info: 	request ended res sent
2022-02-16T07:10:26.484Z info: 	bulk message insert request start
2022-02-16T07:10:26.489Z info: 	start insert business logic
2022-02-16T07:10:26.489Z info: 	formate body array for adding requestId
2022-02-16T07:10:26.490Z info: 	inserting in db
2022-02-16T07:10:26.518Z info: 	request ended res sent
2022-02-16T07:12:06.412Z info: 	bulk message insert request start
2022-02-16T07:12:06.442Z warn: 	validate request fail
2022-02-16T07:21:30.517Z info: 	search message request start
2022-02-16T07:21:30.545Z info: 	returning success msg
2022-02-16T07:21:30.546Z info: 	request ended res sent
2022-02-16T07:23:02.212Z info: 	search message request start
2022-02-16T07:23:02.213Z warn: 	Search Field Required!
2022-02-16T07:23:02.213Z warn: 	res send to user!
2022-02-16T07:23:37.156Z info: 	search message request start
2022-02-16T07:23:37.159Z warn: 	No such message in db
2022-02-16T07:23:37.160Z warn: 	res send to user!
2022-02-16T07:27:21.002Z info: 	search message request start
2022-02-16T07:27:21.004Z info: 	formating from and to date
2022-02-16T07:27:21.014Z warn: 	No such message in db!
2022-02-16T07:27:21.017Z warn: 	res send to user!
2022-02-16T07:27:34.198Z info: 	search message request start
2022-02-16T07:27:34.200Z info: 	formating from and to date
2022-02-16T07:27:34.203Z info: 	returning success msg
2022-02-16T07:27:34.204Z info: 	request ended res sent
2022-02-16T07:28:10.065Z info: 	search message request start
2022-02-16T07:28:10.066Z info: 	formating from and to date
2022-02-16T07:28:10.066Z warn: 	category and date required!
2022-02-16T07:28:10.068Z warn: 	res send to user!
2022-02-16T09:41:04.218Z info: 	bulk message insert request start
2022-02-16T09:41:04.240Z info: 	start insert business logic
2022-02-16T09:41:04.241Z info: 	formate body array for adding requestId
2022-02-16T09:41:04.242Z info: 	inserting in db
2022-02-16T09:41:04.281Z info: 	request ended res sent
2022-02-16T11:37:17.491Z info: 	bulk message insert request start
2022-02-16T11:37:17.524Z warn: 	validate request fail
2022-02-16T11:37:26.734Z info: 	bulk message insert request start
2022-02-16T11:37:26.740Z info: 	start insert business logic
2022-02-16T11:37:26.741Z info: 	formate body array for adding requestId
2022-02-16T11:37:26.742Z info: 	inserting in db
2022-02-16T11:37:26.823Z info: 	request ended res sent
2022-02-16T11:38:35.559Z info: 	bulk message insert request start
2022-02-16T11:38:35.574Z info: 	start insert business logic
2022-02-16T11:38:35.575Z info: 	formate body array for adding requestId
2022-02-16T11:38:35.576Z info: 	inserting in db
2022-02-16T11:38:35.604Z info: 	request ended res sent
2022-02-16T11:39:04.737Z info: 	bulk message insert request start
2022-02-16T11:39:04.751Z info: 	start insert business logic
2022-02-16T11:39:04.752Z info: 	formate body array for adding requestId
2022-02-16T11:39:04.753Z info: 	inserting in db
2022-02-16T11:39:04.787Z info: 	request ended res sent
2022-02-16T11:39:31.873Z info: 	bulk message insert request start
2022-02-16T11:39:31.893Z info: 	start insert business logic
2022-02-16T11:39:31.894Z info: 	formate body array for adding requestId
2022-02-16T11:39:31.894Z info: 	inserting in db
2022-02-16T11:39:31.933Z info: 	request ended res sent
2022-02-16T11:46:36.092Z info: 	bulk message insert request start
2022-02-16T11:46:36.125Z info: 	start insert business logic
2022-02-16T11:46:36.126Z info: 	formate body array for adding requestId
2022-02-16T11:46:36.127Z info: 	inserting in db
2022-02-16T11:46:36.191Z info: 	request ended res sent
2022-02-16T12:29:20.020Z info: 	bulk message insert request start
2022-02-16T12:29:20.044Z info: 	start insert business logic
2022-02-16T12:29:20.045Z info: 	formate body array for adding requestId
2022-02-16T12:29:20.046Z info: 	inserting in db
2022-02-16T12:29:20.121Z info: 	request ended res sent
2022-02-16T12:29:20.196Z info: 	bulk message insert request start
2022-02-16T12:29:20.211Z warn: 	validate request fail
2022-02-16T12:29:20.251Z info: 	search message request start
2022-02-16T12:29:20.275Z warn: 	No such message in db
2022-02-16T12:29:20.277Z warn: 	res send to user!
2022-02-16T12:29:20.308Z info: 	search message request start
2022-02-16T12:29:20.309Z warn: 	Search Field Required!
2022-02-16T12:29:20.310Z warn: 	res send to user!
2022-02-16T12:29:20.335Z info: 	search message request start
2022-02-16T12:29:20.337Z info: 	formating from and to date
2022-02-16T12:29:20.363Z warn: 	No such message in db!
2022-02-16T12:29:20.364Z warn: 	res send to user!
2022-02-16T12:29:20.402Z info: 	search message request start
2022-02-16T12:29:20.402Z warn: 	Search Field Required!
2022-02-16T12:29:20.403Z warn: 	res send to user!
2022-02-16T12:33:49.870Z info: 	bulk message insert request start
2022-02-16T12:33:49.887Z info: 	start insert business logic
2022-02-16T12:33:49.888Z info: 	formate body array for adding requestId
2022-02-16T12:33:49.889Z info: 	inserting in db
2022-02-16T12:33:49.942Z info: 	request ended res sent
2022-02-16T12:33:58.569Z info: 	search message request start
2022-02-16T12:33:58.586Z info: 	returning success msg
2022-02-16T12:33:58.587Z info: 	request ended res sent
2022-02-16T12:34:02.351Z info: 	search message request start
2022-02-16T12:34:02.353Z info: 	formating from and to date
2022-02-16T12:34:02.365Z info: 	returning success msg
2022-02-16T12:34:02.370Z info: 	request ended res sent
2022-02-16T12:35:01.729Z info: 	bulk message insert request start
2022-02-16T12:35:01.742Z warn: 	validate request fail
2022-02-17T04:17:53.467Z info: 	bulk message insert request start
2022-02-17T04:17:53.487Z info: 	start insert business logic
2022-02-17T04:17:53.488Z info: 	formate body array for adding requestId
2022-02-17T04:17:53.489Z info: 	inserting in db
2022-02-17T04:17:53.569Z info: 	request ended res sent
2022-02-17T04:17:53.609Z info: 	bulk message insert request start
2022-02-17T04:17:53.622Z warn: 	validate request fail
2022-02-17T04:17:53.647Z info: 	search message request start
2022-02-17T04:17:53.657Z warn: 	No such message in db
2022-02-17T04:17:53.658Z warn: 	res send to user!
2022-02-17T04:17:53.676Z info: 	search message request start
2022-02-17T04:17:53.676Z warn: 	Search Field Required!
2022-02-17T04:17:53.677Z warn: 	res send to user!
2022-02-17T04:17:53.700Z info: 	search message request start
2022-02-17T04:17:53.701Z info: 	formating from and to date
2022-02-17T04:17:53.707Z warn: 	No such message in db!
2022-02-17T04:17:53.707Z warn: 	res send to user!
2022-02-17T04:17:53.730Z info: 	search message request start
2022-02-17T04:17:53.730Z warn: 	Search Field Required!
2022-02-17T04:17:53.731Z warn: 	res send to user!
