2022-02-16T05:56:52.225Z info: 	register user and validate request route start.
2022-02-16T05:56:52.247Z warn: 	validate request fail
2022-02-16T05:57:47.203Z info: 	register user and validate request route start.
2022-02-16T05:57:47.212Z info: 	checking if similar username exist in db
2022-02-16T05:57:47.251Z info: 	insert New User Query
2022-02-16T05:57:47.265Z info: 	save New User Query
2022-02-16T05:57:47.395Z info: 	 New User set Json Redis Query
2022-02-16T05:57:47.414Z info: 	 generate Auth Token
2022-02-16T05:57:47.428Z info: 	 end of request
2022-02-16T06:17:21.436Z info: 	register user and validate request route start.
2022-02-16T06:17:21.441Z info: 	checking if similar username exist in db
2022-02-16T06:17:21.454Z info: 	insert New User Query
2022-02-16T06:17:21.455Z info: 	save New User Query
2022-02-16T06:17:21.514Z info: 	 New User set Json Redis Query
2022-02-16T06:17:21.528Z info: 	 generate Auth Token
2022-02-16T06:17:21.530Z info: 	 end of request
2022-02-16T06:52:01.058Z info: 	user login request start
2022-02-16T06:52:01.182Z error: 	login user fail Invalid password
2022-02-16T06:53:29.290Z info: 	user login request start
2022-02-16T06:53:29.381Z error: 	login user fail Unable to login.
2022-02-16T06:54:13.913Z info: 	register user and validate request route start.
2022-02-16T06:54:13.916Z info: 	checking if similar username exist in db
2022-02-16T06:54:13.940Z warn: 	similar username exist in db
2022-02-16T06:54:13.945Z warn: 	similar username exist in db
2022-02-16T06:55:19.036Z info: 	register user and validate request route start.
2022-02-16T06:55:19.039Z info: 	checking if similar username exist in db
2022-02-16T06:55:19.048Z info: 	insert New User Query
2022-02-16T06:55:19.052Z info: 	save New User Query
2022-02-16T06:55:19.128Z info: 	 New User set Json Redis Query
2022-02-16T06:55:19.143Z info: 	 generate Auth Token
2022-02-16T06:55:19.152Z info: 	 end of request
2022-02-16T06:55:44.826Z info: 	user login request start
2022-02-16T06:55:44.891Z info: 	user: 
2022-02-16T06:55:44.891Z info: 	 generate Auth Token
2022-02-16T06:55:44.893Z info: 	token: 
2022-02-16T06:55:44.898Z info: 	 end of request
2022-02-16T06:57:22.159Z info: 	user login request start
2022-02-16T06:57:22.221Z info: 	user: 
2022-02-16T06:57:22.222Z info: 	 generate Auth Token
2022-02-16T06:57:22.223Z info: 	token: 
2022-02-16T06:57:22.224Z info: 	 end of request
2022-02-16T07:19:45.316Z info: 	user login request start
2022-02-16T07:19:45.409Z info: 	user: 
2022-02-16T07:19:45.409Z info: 	 generate Auth Token
2022-02-16T07:19:45.412Z info: 	token: 
2022-02-16T07:19:45.414Z info: 	 end of request
2022-02-16T08:48:36.606Z info: 	user login request start
2022-02-16T08:48:36.618Z warn: 	validate request fail
2022-02-16T08:49:11.069Z info: 	user login request start
2022-02-16T08:49:11.072Z warn: 	validate request fail
2022-02-16T09:26:45.179Z info: 	register user and validate request route start.
2022-02-16T09:26:45.193Z warn: 	validate request fail
2022-02-16T09:27:10.345Z info: 	register user and validate request route start.
2022-02-16T09:27:10.347Z warn: 	validate request fail
2022-02-16T09:30:29.155Z info: 	user login request start
2022-02-16T09:30:29.189Z error: 	login user fail no such Credentials exits on db
2022-02-16T09:30:50.689Z info: 	register user and validate request route start.
2022-02-16T09:30:50.690Z info: 	checking if similar username exist in db
2022-02-16T09:30:50.708Z info: 	insert New User Query
2022-02-16T09:30:50.724Z info: 	save New User Query
2022-02-16T09:30:50.812Z info: 	 New User set Json Redis Query
2022-02-16T09:30:50.827Z info: 	 generate Auth Token
2022-02-16T09:30:50.834Z info: 	 end of request
2022-02-16T09:31:20.169Z info: 	user login request start
2022-02-16T09:31:20.236Z info: 	user: 
2022-02-16T09:31:20.237Z info: 	 generate Auth Token
2022-02-16T09:31:20.241Z info: 	token: 
2022-02-16T09:31:20.245Z info: 	 end of request
2022-02-16T12:30:07.788Z info: 	register user and validate request route start.
2022-02-16T12:30:07.821Z info: 	checking if similar username exist in db
2022-02-16T12:30:07.964Z info: 	insert New User Query
2022-02-16T12:30:07.975Z info: 	save New User Query
2022-02-16T12:30:08.113Z info: 	 New User set Json Redis Query
2022-02-16T12:30:08.130Z info: 	 generate Auth Token
2022-02-16T12:30:08.151Z info: 	 end of request
2022-02-16T12:30:08.188Z info: 	register user and validate request route start.
2022-02-16T12:30:08.197Z info: 	checking if similar username exist in db
2022-02-16T12:30:08.221Z warn: 	similar username exist in db
2022-02-16T12:30:08.227Z warn: 	similar username exist in db
2022-02-16T12:30:08.244Z info: 	register user and validate request route start.
2022-02-16T12:30:08.260Z warn: 	validate request fail
2022-02-16T12:30:08.277Z info: 	register user and validate request route start.
2022-02-16T12:30:08.284Z warn: 	validate request fail
2022-02-16T12:30:08.299Z info: 	register user and validate request route start.
2022-02-16T12:30:08.307Z warn: 	validate request fail
2022-02-16T12:30:08.320Z info: 	register user and validate request route start.
2022-02-16T12:30:08.330Z warn: 	validate request fail
2022-02-16T12:30:08.344Z info: 	user login request start
2022-02-16T12:30:08.424Z info: 	user: 
2022-02-16T12:30:08.425Z info: 	 generate Auth Token
2022-02-16T12:30:08.431Z info: 	token: 
2022-02-16T12:30:08.437Z info: 	 end of request
2022-02-16T12:30:08.454Z info: 	user login request start
2022-02-16T12:30:08.463Z warn: 	validate request fail
2022-02-16T12:30:08.482Z info: 	user login request start
2022-02-16T12:30:08.493Z warn: 	validate request fail
2022-02-16T12:32:48.294Z info: 	register user and validate request route start.
2022-02-16T12:32:48.309Z info: 	checking if similar username exist in db
2022-02-16T12:32:48.339Z warn: 	similar username exist in db
2022-02-16T12:32:48.340Z warn: 	similar username exist in db
2022-02-16T12:32:58.471Z info: 	register user and validate request route start.
2022-02-16T12:32:58.473Z info: 	checking if similar username exist in db
2022-02-16T12:32:58.480Z info: 	insert New User Query
2022-02-16T12:32:58.486Z info: 	save New User Query
2022-02-16T12:32:58.607Z info: 	 New User set Json Redis Query
2022-02-16T12:32:58.670Z info: 	 generate Auth Token
2022-02-16T12:32:58.699Z info: 	 end of request
2022-02-16T12:33:07.841Z info: 	user login request start
2022-02-16T12:33:07.992Z info: 	user: 
2022-02-16T12:33:07.996Z info: 	 generate Auth Token
2022-02-16T12:33:07.998Z info: 	token: 
2022-02-16T12:33:08.000Z info: 	 end of request
2022-02-16T12:35:28.247Z info: 	register user and validate request route start.
2022-02-16T12:35:28.249Z info: 	checking if similar username exist in db
2022-02-16T12:35:28.256Z info: 	insert New User Query
2022-02-16T12:35:28.258Z info: 	save New User Query
2022-02-16T12:35:28.296Z info: 	 New User set Json Redis Query
2022-02-16T12:35:28.309Z info: 	 generate Auth Token
2022-02-16T12:35:28.312Z info: 	 end of request
2022-02-16T12:35:47.608Z info: 	user login request start
2022-02-16T12:35:47.665Z info: 	user: 
2022-02-16T12:35:47.665Z info: 	 generate Auth Token
2022-02-16T12:35:47.666Z info: 	token: 
2022-02-16T12:35:47.667Z info: 	 end of request
