2022-02-14T05:23:59.815Z [31merror[39m: 	register user fail User validation failed: username: Path `username` is required.
2022-02-14T05:25:18.227Z error: 	register user fail User validation failed: username: Path `username` is required.
2022-02-14T06:27:31.354Z error: 	register user fail User validation failed: username: Path `username` (`standxxxxxxalone`) is longer than the maximum allowed length (15).
2022-02-14T06:36:13.529Z error: 	login user fail Invalid password
2022-02-14T06:36:58.007Z error: 	login user fail no such Credentials exits on db
2022-02-14T07:02:00.538Z error: 	register user fail failuer is not defined
2022-02-14T07:02:57.105Z error: 	register user fail error is not defined
2022-02-14T07:03:47.282Z error: 	register user fail error is not defined
2022-02-14T07:04:26.401Z error: 	register user fail error is not defined
2022-02-14T08:52:32.520Z error: 	login user fail no such Credentials exits on db
2022-02-15T06:12:59.960Z error: 	register user fail ERR unknown command `JSON.SET`, with args beginning with: `user_alphahere`, `.`, `{"id":"620b446bb05bbd4bc7dd0fa2","username":"alphahere","password":"$2a$08$eqhdd6zx1rlu7E/D36OvSOx4YpY4SO`, 
2022-02-15T06:32:37.693Z error: 	register user fail User validation failed: password: Path `password` (`ahha`) is shorter than the minimum allowed length (6).
2022-02-15T06:33:45.377Z error: 	register user fail User validation failed: password: Path `password` (`deva`) is shorter than the minimum allowed length (6).
2022-02-15T06:37:29.296Z error: 	register user fail User validation failed: username: Path `username` (`alpa`) is shorter than the minimum allowed length (5).
2022-02-15T06:44:59.757Z error: 	login user fail Unable to login.
2022-02-15T06:46:21.082Z error: 	login user fail Invalid password
2022-02-15T06:46:21.123Z error: 	login user fail no such Credentials exits on db
2022-02-15T06:46:28.050Z error: 	login user fail Invalid password
2022-02-15T06:46:28.086Z error: 	login user fail no such Credentials exits on db
2022-02-15T06:47:33.612Z error: 	login user fail no such Credentials exits on db
2022-02-15T06:48:35.440Z error: 	login user fail no such Credentials exits on db
2022-02-15T06:48:52.941Z error: 	login user fail no such Credentials exits on db
2022-02-15T06:51:11.057Z error: 	login user fail no such Credentials exits on db
2022-02-15T06:51:35.175Z error: 	login user fail no such Credentials exits on db
2022-02-15T06:51:36.344Z error: 	login user fail no such Credentials exits on db
2022-02-15T06:51:49.257Z error: 	login user fail no such Credentials exits on db
2022-02-15T06:51:51.889Z error: 	login user fail no such Credentials exits on db
2022-02-15T06:52:41.149Z error: 	register user fail E11000 duplicate key error collection: logger-app-test.users index: _id_ dup key: { : ObjectId('620b4db8b762e8617b5c06cd') }
2022-02-15T06:52:41.434Z error: 	login user fail Unable to login.
2022-02-15T06:52:41.507Z error: 	login user fail no such Credentials exits on db
2022-02-15T06:52:42.114Z error: 	login user fail no such Credentials exits on db
2022-02-15T06:53:21.363Z error: 	login user fail no such Credentials exits on db
2022-02-15T06:53:23.492Z error: 	login user fail no such Credentials exits on db
2022-02-15T06:56:29.290Z error: 	login user fail no such Credentials exits on db
2022-02-15T06:56:42.405Z error: 	login user fail no such Credentials exits on db
2022-02-15T06:57:02.306Z error: 	login user fail no such Credentials exits on db
2022-02-15T06:57:27.781Z error: 	login user fail no such Credentials exits on db
2022-02-15T06:58:13.381Z error: 	login user fail no such Credentials exits on db
2022-02-15T06:58:27.108Z error: 	login user fail Invalid password
2022-02-15T06:59:12.282Z error: 	login user fail no such Credentials exits on db
2022-02-15T07:25:46.140Z error: 	login user fail no such Credentials exits on db
2022-02-15T07:27:53.712Z error: 	login user fail no such Credentials exits on db
2022-02-15T09:11:06.381Z error: 	login user fail no such Credentials exits on db
2022-02-15T09:12:03.036Z error: 	login user fail Unable to login.
2022-02-15T09:13:03.234Z error: 	login user fail Unable to login.
2022-02-15T09:15:04.984Z error: 	login user fail Unable to login.
2022-02-15T09:15:33.163Z error: 	login user fail Unable to login.
2022-02-15T09:18:05.912Z error: 	login user fail no such Credentials exits on db
2022-02-15T09:19:44.308Z error: 	login user fail no such Credentials exits on db
2022-02-15T09:20:55.440Z error: 	login user fail Unable to login.
2022-02-16T06:52:01.182Z error: 	login user fail Invalid password
2022-02-16T06:53:29.381Z error: 	login user fail Unable to login.
2022-02-16T09:30:29.189Z error: 	login user fail no such Credentials exits on db
2022-02-17T04:02:30.290Z error: 	login user fail Unable to login.
